{"/Users/giovannie.hernandez/Desktop/myproject/lib/pill.js":{"path":"/Users/giovannie.hernandez/Desktop/myproject/lib/pill.js","s":{"1":1,"2":3,"3":1,"4":2,"5":1,"6":1},"b":{"1":[1,2],"2":[1,1]},"f":{"1":3},"fnMap":{"1":{"name":"(anonymous_1)","line":1,"loc":{"start":{"line":1,"column":15},"end":{"line":1,"column":36}}}},"statementMap":{"1":{"start":{"line":1,"column":0},"end":{"line":5,"column":2}},"2":{"start":{"line":2,"column":2},"end":{"line":4,"column":19}},"3":{"start":{"line":2,"column":23},"end":{"line":2,"column":36}},"4":{"start":{"line":3,"column":7},"end":{"line":4,"column":19}},"5":{"start":{"line":3,"column":32},"end":{"line":3,"column":46}},"6":{"start":{"line":4,"column":7},"end":{"line":4,"column":19}}},"branchMap":{"1":{"line":2,"type":"if","locations":[{"start":{"line":2,"column":2},"end":{"line":2,"column":2}},{"start":{"line":2,"column":2},"end":{"line":2,"column":2}}]},"2":{"line":3,"type":"if","locations":[{"start":{"line":3,"column":7},"end":{"line":3,"column":7}},{"start":{"line":3,"column":7},"end":{"line":3,"column":7}}]}}}}